[Info  - 9:49:03 AM] Pylance language server 2021.12.2 (pyright 211ebe44) starting
[Info  - 9:49:03 AM] Server root directory: /home/student/.vscode-server/extensions/ms-python.vscode-pylance-2021.12.2/dist
[Info  - 9:49:03 AM] No configuration file found.
[Info  - 9:49:03 AM] No pyproject.toml file found.
[Info  - 9:49:03 AM] Setting pythonPath for service "student": "/bin/python3"
[Warn  - 9:49:03 AM] stubPath /home/student/typings is not a valid directory.
[Info  - 9:49:03 AM] Assuming Python version 3.8
[Info  - 9:49:03 AM] Assuming Python platform Linux
[Warn  - 9:49:04 AM] Exception received when installing file system watcher: TypeError [ERR_FEATURE_UNAVAILABLE_ON_PLATFORM]: The feature watch recursively is unavailable on the current platform, which is being used to run Node.js
[Warn  - 9:49:04 AM] Exception received when installing file system watcher: TypeError [ERR_FEATURE_UNAVAILABLE_ON_PLATFORM]: The feature watch recursively is unavailable on the current platform, which is being used to run Node.js
[Warn  - 9:49:04 AM] Exception received when installing file system watcher: TypeError [ERR_FEATURE_UNAVAILABLE_ON_PLATFORM]: The feature watch recursively is unavailable on the current platform, which is being used to run Node.js
[Warn  - 9:49:04 AM] Exception received when installing file system watcher: TypeError [ERR_FEATURE_UNAVAILABLE_ON_PLATFORM]: The feature watch recursively is unavailable on the current platform, which is being used to run Node.js
[Info  - 9:49:04 AM] Searching for source files
[Info  - 9:49:04 AM] Found 5263 source files
[Info  - 9:49:04 AM] Background analysis(1) root directory: /home/student/.vscode-server/extensions/ms-python.vscode-pylance-2021.12.2/dist
[Info  - 9:49:04 AM] Background analysis(1) started
[Info  - 9:49:12 AM] Searching for source files
[Info  - 9:49:12 AM] Found 5429 source files
[Info  - 9:49:16 AM] Searching for source files
[Info  - 9:49:17 AM] Found 5429 source files
[Info  - 11:06:42 AM] Searching for source files
[Info  - 11:06:42 AM] Found 5429 source files
[Info  - 11:06:42 AM] Searching for source files
[Info  - 11:06:43 AM] Found 5429 source files
